<?xml version="1.0" encoding="UTF-8"?>
<!-- Generated by org.testng.reporters.JUnitXMLReporter -->
<testsuite hostname="MyLaptops" ignored="0" name="Test-2" tests="1" failures="0" timestamp="01 Dec 2018 08:49:36 GMT" time="0.0" errors="0">
  <testcase name="validatePageFields" time="0.0" classname="TestClasses.ValidateHomePage"/>
</testsuite> <!-- Test-2 -->
