<?xml version="1.0" encoding="UTF-8"?>
<!-- Generated by org.testng.reporters.JUnitReportReporter -->
<testsuite skipped="0" hostname="MyLaptops" name="TestClasses.ValidateHomePage" tests="2" failures="0" timestamp="04 Dec 2018 19:47:06 GMT" time="0.000" errors="0">
  <testcase name="validatePageFields" time="0.000" classname="TestClasses.ValidateHomePage"/>
  <testcase name="validatePageFields" time="0.000" classname="TestClasses.ValidateHomePage"/>
</testsuite> <!-- TestClasses.ValidateHomePage -->
