<?xml version="1.0" encoding="UTF-8"?>
<!-- Generated by org.testng.reporters.JUnitReportReporter -->
<testsuite skipped="0" hostname="MyLaptops" name="TestClasses.LogInToGoogle" tests="2" failures="0" timestamp="04 Dec 2018 19:47:06 GMT" time="0.015" errors="0">
  <testcase name="loginGoogle" time="0.000" classname="TestClasses.LogInToGoogle"/>
  <testcase name="loginGoogle" time="0.015" classname="TestClasses.LogInToGoogle"/>
</testsuite> <!-- TestClasses.LogInToGoogle -->
